# JRE version: OpenJDK Runtime Environment Microsoft-13106358 (17.0.18+8) (build 17.0.18+8-LTS)
# Java VM: OpenJDK 64-Bit Server VM Microsoft-13106358 (17.0.18+8-LTS, mixed mode, sharing, tiered, compressed oops, compressed class ptrs, g1 gc, windows-amd64)
GC Precious Log:
 CPUs: 4 total, 4 available
 Memory: 8060M
 Large Page Support: Disabled
 NUMA Support: Disabled
 Compressed Oops: Enabled (32-bit)
 Heap Region Size: 1M
 Heap Min Capacity: 64M
 Heap Initial Capacity: 64M
 Heap Max Capacity: 64M
 Pre-touch: Disabled
 Parallel Workers: 4
 Concurrent Workers: 1
 Concurrent Refinement Workers: 4
 Periodic GC: Disabled
Heap:
 garbage-first heap   total 65536K, used 14229K [0x00000000fc000000, 0x0000000100000000)
  region size 1024K, 7 young (7168K), 5 survivors (5120K)
 Metaspace       used 10529K, committed 10688K, reserved 1114112K
  class space    used 1351K, committed 1408K, reserved 1048576K
GC Heap History (6 events):
Event: 5.100 GC heap before
{Heap before GC invocations=0 (full 0):
 garbage-first heap   total 65536K, used 12288K [0x00000000fc000000, 0x0000000100000000)
  region size 1024K, 13 young (13312K), 0 survivors (0K)
 Metaspace       used 1651K, committed 1792K, reserved 1114112K
  class space    used 157K, committed 192K, reserved 1048576K
}
Event: 5.105 GC heap after
{Heap after GC invocations=1 (full 0):
 garbage-first heap   total 65536K, used 1544K [0x00000000fc000000, 0x0000000100000000)
  region size 1024K, 2 young (2048K), 2 survivors (2048K)
 Metaspace       used 1651K, committed 1792K, reserved 1114112K
  class space    used 157K, committed 192K, reserved 1048576K
}
Event: 6.879 GC heap before
{Heap before GC invocations=1 (full 0):
 garbage-first heap   total 65536K, used 22024K [0x00000000fc000000, 0x0000000100000000)
  region size 1024K, 20 young (20480K), 2 survivors (2048K)
 Metaspace       used 2288K, committed 2496K, reserved 1114112K
  class space    used 221K, committed 320K, reserved 1048576K
}
Event: 6.889 GC heap after
{Heap after GC invocations=2 (full 0):
 garbage-first heap   total 65536K, used 9464K [0x00000000fc000000, 0x0000000100000000)
  region size 1024K, 3 young (3072K), 3 survivors (3072K)
 Metaspace       used 2288K, committed 2496K, reserved 1114112K
  class space    used 221K, committed 320K, reserved 1048576K
}
Event: 136.688 GC heap before
{Heap before GC invocations=2 (full 0):
 garbage-first heap   total 65536K, used 45304K [0x00000000fc000000, 0x0000000100000000)
  region size 1024K, 38 young (38912K), 3 survivors (3072K)
 Metaspace       used 10399K, committed 10560K, reserved 1114112K
  class space    used 1336K, committed 1408K, reserved 1048576K
}
Event: 136.703 GC heap after
{Heap after GC invocations=3 (full 0):
 garbage-first heap   total 65536K, used 13205K [0x00000000fc000000, 0x0000000100000000)
  region size 1024K, 5 young (5120K), 5 survivors (5120K)
 Metaspace       used 10399K, committed 10560K, reserved 1114112K
  class space    used 1336K, committed 1408K, reserved 1048576K
}

