# JRE version: OpenJDK Runtime Environment Microsoft-13106358 (17.0.18+8) (build 17.0.18+8-LTS)
# Java VM: OpenJDK 64-Bit Server VM Microsoft-13106358 (17.0.18+8-LTS, mixed mode, sharing, tiered, compressed oops, compressed class ptrs, g1 gc, windows-amd64)
GC Precious Log:
 CPUs: 4 total, 4 available
 Memory: 8060M
 Large Page Support: Disabled
 NUMA Support: Disabled
 Compressed Oops: Enabled (32-bit)
 Heap Region Size: 1M
 Heap Min Capacity: 8M
 Heap Initial Capacity: 126M
 Heap Max Capacity: 2G
 Pre-touch: Disabled
 Parallel Workers: 4
 Concurrent Workers: 1
 Concurrent Refinement Workers: 4
 Periodic GC: Disabled
Heap:
 garbage-first heap   total 342016K, used 202662K [0x0000000080000000, 0x0000000100000000)
  region size 1024K, 14 young (14336K), 2 survivors (2048K)
 Metaspace       used 133130K, committed 134016K, reserved 1179648K
  class space    used 17033K, committed 17472K, reserved 1048576K
GC Heap History (20 events):
Event: 161.977 GC heap before
{Heap before GC invocations=68 (full 0):
 garbage-first heap   total 249856K, used 184559K [0x0000000080000000, 0x0000000100000000)
  region size 1024K, 54 young (55296K), 4 survivors (4096K)
 Metaspace       used 128332K, committed 129152K, reserved 1179648K
  class space    used 16670K, committed 17088K, reserved 1048576K
}
Event: 161.987 GC heap after
{Heap after GC invocations=69 (full 0):
 garbage-first heap   total 249856K, used 137433K [0x0000000080000000, 0x0000000100000000)
  region size 1024K, 7 young (7168K), 7 survivors (7168K)
 Metaspace       used 128332K, committed 129152K, reserved 1179648K
  class space    used 16670K, committed 17088K, reserved 1048576K
}
Event: 162.165 GC heap before
{Heap before GC invocations=69 (full 0):
 garbage-first heap   total 249856K, used 141529K [0x0000000080000000, 0x0000000100000000)
  region size 1024K, 12 young (12288K), 7 survivors (7168K)
 Metaspace       used 128605K, committed 129536K, reserved 1179648K
  class space    used 16711K, committed 17152K, reserved 1048576K
}
Event: 162.175 GC heap after
{Heap after GC invocations=70 (full 0):
 garbage-first heap   total 249856K, used 113865K [0x0000000080000000, 0x0000000100000000)
  region size 1024K, 1 young (1024K), 1 survivors (1024K)
 Metaspace       used 128605K, committed 129536K, reserved 1179648K
  class space    used 16711K, committed 17152K, reserved 1048576K
}
Event: 162.696 GC heap before
{Heap before GC invocations=70 (full 0):
 garbage-first heap   total 249856K, used 124105K [0x0000000080000000, 0x0000000100000000)
  region size 1024K, 12 young (12288K), 1 survivors (1024K)
 Metaspace       used 128962K, committed 129792K, reserved 1179648K
  class space    used 16753K, committed 17152K, reserved 1048576K
}
Event: 162.703 GC heap after
{Heap after GC invocations=71 (full 0):
 garbage-first heap   total 249856K, used 111424K [0x0000000080000000, 0x0000000100000000)
  region size 1024K, 2 young (2048K), 2 survivors (2048K)
 Metaspace       used 128962K, committed 129792K, reserved 1179648K
  class space    used 16753K, committed 17152K, reserved 1048576K
}
Event: 163.437 GC heap before
{Heap before GC invocations=71 (full 0):
 garbage-first heap   total 249856K, used 192320K [0x0000000080000000, 0x0000000100000000)
  region size 1024K, 82 young (83968K), 2 survivors (2048K)
 Metaspace       used 129056K, committed 129920K, reserved 1179648K
  class space    used 16760K, committed 17152K, reserved 1048576K
}
Event: 163.465 GC heap after
{Heap after GC invocations=72 (full 0):
 garbage-first heap   total 249856K, used 145740K [0x0000000080000000, 0x0000000100000000)
  region size 1024K, 11 young (11264K), 11 survivors (11264K)
 Metaspace       used 129056K, committed 129920K, reserved 1179648K
  class space    used 16760K, committed 17152K, reserved 1048576K
}
Event: 163.506 GC heap before
{Heap before GC invocations=72 (full 0):
 garbage-first heap   total 249856K, used 160076K [0x0000000080000000, 0x0000000100000000)
  region size 1024K, 26 young (26624K), 11 survivors (11264K)
 Metaspace       used 129056K, committed 129920K, reserved 1179648K
  class space    used 16760K, committed 17152K, reserved 1048576K
}
Event: 163.520 GC heap after
{Heap after GC invocations=73 (full 0):
 garbage-first heap   total 249856K, used 153943K [0x0000000080000000, 0x0000000100000000)
  region size 1024K, 7 young (7168K), 7 survivors (7168K)
 Metaspace       used 129056K, committed 129920K, reserved 1179648K
  class space    used 16760K, committed 17152K, reserved 1048576K
}
Event: 165.252 GC heap before
{Heap before GC invocations=74 (full 0):
 garbage-first heap   total 276480K, used 189783K [0x0000000080000000, 0x0000000100000000)
  region size 1024K, 41 young (41984K), 7 survivors (7168K)
 Metaspace       used 129893K, committed 130752K, reserved 1179648K
  class space    used 16812K, committed 17216K, reserved 1048576K
}
Event: 165.278 GC heap after
{Heap after GC invocations=75 (full 0):
 garbage-first heap   total 276480K, used 163840K [0x0000000080000000, 0x0000000100000000)
  region size 1024K, 6 young (6144K), 6 survivors (6144K)
 Metaspace       used 129893K, committed 130752K, reserved 1179648K
  class space    used 16812K, committed 17216K, reserved 1048576K
}
Event: 165.552 GC heap before
{Heap before GC invocations=75 (full 0):
 garbage-first heap   total 276480K, used 171008K [0x0000000080000000, 0x0000000100000000)
  region size 1024K, 13 young (13312K), 6 survivors (6144K)
 Metaspace       used 130042K, committed 130880K, reserved 1179648K
  class space    used 16815K, committed 17216K, reserved 1048576K
}
Event: 165.577 GC heap after
{Heap after GC invocations=76 (full 0):
 garbage-first heap   total 342016K, used 165370K [0x0000000080000000, 0x0000000100000000)
  region size 1024K, 2 young (2048K), 2 survivors (2048K)
 Metaspace       used 130042K, committed 130880K, reserved 1179648K
  class space    used 16815K, committed 17216K, reserved 1048576K
}
Event: 167.273 GC heap before
{Heap before GC invocations=76 (full 0):
 garbage-first heap   total 342016K, used 198138K [0x0000000080000000, 0x0000000100000000)
  region size 1024K, 35 young (35840K), 2 survivors (2048K)
 Metaspace       used 130107K, committed 131008K, reserved 1179648K
  class space    used 16818K, committed 17216K, reserved 1048576K
}
Event: 167.286 GC heap after
{Heap after GC invocations=77 (full 0):
 garbage-first heap   total 342016K, used 172538K [0x0000000080000000, 0x0000000100000000)
  region size 1024K, 9 young (9216K), 9 survivors (9216K)
 Metaspace       used 130107K, committed 131008K, reserved 1179648K
  class space    used 16818K, committed 17216K, reserved 1048576K
}
Event: 171.823 GC heap before
{Heap before GC invocations=78 (full 0):
 garbage-first heap   total 342016K, used 245242K [0x0000000080000000, 0x0000000100000000)
  region size 1024K, 79 young (80896K), 9 survivors (9216K)
 Metaspace       used 131908K, committed 132800K, reserved 1179648K
  class space    used 16978K, committed 17408K, reserved 1048576K
}
Event: 171.855 GC heap after
{Heap after GC invocations=79 (full 0):
 garbage-first heap   total 342016K, used 191177K [0x0000000080000000, 0x0000000100000000)
  region size 1024K, 10 young (10240K), 10 survivors (10240K)
 Metaspace       used 131908K, committed 132800K, reserved 1179648K
  class space    used 16978K, committed 17408K, reserved 1048576K
}
Event: 174.730 GC heap before
{Heap before GC invocations=79 (full 0):
 garbage-first heap   total 342016K, used 197321K [0x0000000080000000, 0x0000000100000000)
  region size 1024K, 16 young (16384K), 10 survivors (10240K)
 Metaspace       used 132381K, committed 133248K, reserved 1179648K
  class space    used 16989K, committed 17408K, reserved 1048576K
}
Event: 174.750 GC heap after
{Heap after GC invocations=80 (full 0):
 garbage-first heap   total 342016K, used 191398K [0x0000000080000000, 0x0000000100000000)
  region size 1024K, 2 young (2048K), 2 survivors (2048K)
 Metaspace       used 132381K, committed 133248K, reserved 1179648K
  class space    used 16989K, committed 17408K, reserved 1048576K
}

